+++  FE FE FE FE 24 00 01 25 40 CD 01 FF FF FF FF FF FF FF FF 98 99 99 99 99 99 00 01 00 00 1D 12 00 64 8B D9 98 99 99 99 99 99
---  40 CD 01 FF FF FF FF FF FF FF FF 98 99 99 99 99 99 00 01 00 00 1D 12 00 64 8B D9 98 99 99 99 99 99
+++  FE FE FE FE 24 FF 01 DA 40 CD 01 FF FF FF FF FF FF FF FF 98 99 99 99 99 99 00 01 00 00 1D 12 00 64 8B D9 98 99 99 99 99 99
---  40 CD 01 FF FF FF FF FF FF FF FF 98 99 99 99 99 99 00 01 00 00 1D 12 00 64 8B D9 98 99 99 99 99 99
+++  FE FE FE FE 24 00 01 25 40 CD 01 FF FF FF FF FF FF FF FF 58 01 50 24 03 15 06 01 02 04 1D 12 00 64 8B D9 98 99 99 99 99 99
---  40 CD 01 FF FF FF FF FF FF FF FF 58 01 50 24 03 15 06 01 02 04 1D 12 00 64 8B D9 98 99 99 99 99 99
+++  FE FE FE FE 24 FF 01 DA 40 CD 01 FF FF FF FF FF FF FF FF 58 01 50 24 03 15 06 01 02 04 1D 12 00 64 8B D9 98 99 99 99 99 99
---  40 CD 01 FF FF FF FF FF FF FF FF 58 01 50 24 03 15 06 01 02 04 1D 12 00 64 8B D9 98 99 99 99 99 99
+++  FE FE FE FE 24 00 01 25 40 CD 01 FF FF FF FF FF FF FF FF 33 21 10 03 00 00 05 01 03 04 1D 12 00 64 8B D9 98 99 99 99 99 99
---  40 CD 01 FF FF FF FF FF FF FF FF 33 21 10 03 00 00 05 01 03 04 1D 12 00 64 8B D9 98 99 99 99 99 99
+++  FE FE FE FE 24 FF 01 DA 40 CD 01 FF FF FF FF FF FF FF FF 33 21 10 03 00 00 05 01 03 04 1D 12 00 64 8B D9 98 99 99 99 99 99
---  40 CD 01 FF FF FF FF FF FF FF FF 33 21 10 03 00 00 05 01 03 04 1D 12 00 64 8B D9 98 99 99 99 99 99
+++  FE FE FE FE 24 00 01 25 40 CD 01 FF FF FF FF FF FF FF FF 89 00 50 24 03 15 01 01 0B 04 1D 12 00 64 8B D9 98 99 99 99 99 99
---  40 CD 01 FF FF FF FF FF FF FF FF 89 00 50 24 03 15 01 01 0B 04 1D 12 00 64 8B D9 98 99 99 99 99 99
+++  FE FE FE FE 24 00 01 25 40 CD 01 FF FF FF FF FF FF FF FF 44 01 50 24 03 15 00 02 00 04 1D 12 00 64 8B D9 98 99 99 99 99 99
---  40 CD 01 FF FF FF FF FF FF FF FF 44 01 50 24 03 15 00 02 00 04 1D 12 00 64 8B D9 98 99 99 99 99 99
+++  FE FE FE FE 24 00 01 25 41 CD 01 FF FF 58 01 50 24 03 15 98 99 99 99 99 99 3D 58 01 50 24 03 15 98 99 99 99 99 99 11 10 00
---  41 CD 01 FF FF 58 01 50 24 03 15 98 99 99 99 99 99 3D 58 01 50 24 03 15 98 99 99 99 99 99 11 10 00
+++  FE FE FE FE 24 FF 01 DA 41 CD 01 FF FF 58 01 50 24 03 15 98 99 99 99 99 99 3D 58 01 50 24 03 15 98 99 99 99 99 99 11 10 00
---  41 CD 01 FF FF 58 01 50 24 03 15 98 99 99 99 99 99 3D 58 01 50 24 03 15 98 99 99 99 99 99 11 10 00
+++  FE FE FE FE 48 00 01 49 41 CD 01 FF FF 98 99 99 99 99 99 58 01 50 24 03 15 3D 98 99 99 99 99 99 58 01 50 24 03 15 11 11 10 05 98 99 99 99 99 99 3C 33 21 10 03 00 00 3C 17 01 50 24 03 15 44 89 00 50 24 03 15 3C 44 01 50 24 03 15 3C
---  41 CD 01 FF FF 98 99 99 99 99 99 58 01 50 24 03 15 3D 98 99 99 99 99 99 58 01 50 24 03 15 11 11 10 05 98 99 99 99 99 99 3C 33 21 10 03 00 00 3C 17 01 50 24 03 15 44 89 00 50 24 03 15 3C 44 01 50 24 03 15 3C
+++  FE FE FE FE 48 FF 01 B6 41 CD 01 FF FF 98 99 99 99 99 99 58 01 50 24 03 15 3D 98 99 99 99 99 99 58 01 50 24 03 15 11 11 10 05 98 99 99 99 99 99 3C 33 21 10 03 00 00 3C 17 01 50 24 03 15 44 89 00 50 24 03 15 3C 44 01 50 24 03 15 3C
---  41 CD 01 FF FF 98 99 99 99 99 99 58 01 50 24 03 15 3D 98 99 99 99 99 99 58 01 50 24 03 15 11 11 10 05 98 99 99 99 99 99 3C 33 21 10 03 00 00 3C 17 01 50 24 03 15 44 89 00 50 24 03 15 3C 44 01 50 24 03 15 3C
+++  FE FE FE FE 24 01 01 24 41 CD 02 FF FF 58 01 50 24 03 15 98 99 99 99 99 99 3D 58 01 50 24 03 15 98 99 99 99 99 99 21 10 00
---  41 CD 02 FF FF 58 01 50 24 03 15 98 99 99 99 99 99 3D 58 01 50 24 03 15 98 99 99 99 99 99 21 10 00
+++  FE FE FE FE 24 FF 01 DA 41 CD 02 FF FF 58 01 50 24 03 15 98 99 99 99 99 99 3D 58 01 50 24 03 15 98 99 99 99 99 99 21 10 00
---  41 CD 02 FF FF 58 01 50 24 03 15 98 99 99 99 99 99 3D 58 01 50 24 03 15 98 99 99 99 99 99 21 10 00
+++  FE FE FE FE 48 FF 01 B6 41 CD 02 FF FF 98 99 99 99 99 99 58 01 50 24 03 15 3D 98 99 99 99 99 99 58 01 50 24 03 15 21 11 10 05 98 99 99 99 99 99 3C 33 21 10 03 00 00 3C 17 01 50 24 03 15 44 89 00 50 24 03 15 3C 44 01 50 24 03 15 3C
---  41 CD 02 FF FF 98 99 99 99 99 99 58 01 50 24 03 15 3D 98 99 99 99 99 99 58 01 50 24 03 15 21 11 10 05 98 99 99 99 99 99 3C 33 21 10 03 00 00 3C 17 01 50 24 03 15 44 89 00 50 24 03 15 3C 44 01 50 24 03 15 3C
+++  FE FE FE FE 24 FF 01 DA 41 CD 03 FF FF 33 21 10 03 00 00 98 99 99 99 99 99 3D 33 21 10 03 00 00 98 99 99 99 99 99 31 10 00
---  41 CD 03 FF FF 33 21 10 03 00 00 98 99 99 99 99 99 3D 33 21 10 03 00 00 98 99 99 99 99 99 31 10 00
+++  FE FE FE FE 48 FF 01 B6 41 CD 01 FF FF 98 99 99 99 99 99 33 21 10 03 00 00 3D 98 99 99 99 99 99 33 21 10 03 00 00 31 11 10 05 98 99 99 99 99 99 3C 58 01 50 24 03 15 3C 17 01 50 24 03 15 4F 89 00 50 24 03 15 44 44 01 50 24 03 15 46
---  41 CD 01 FF FF 98 99 99 99 99 99 33 21 10 03 00 00 3D 98 99 99 99 99 99 33 21 10 03 00 00 31 11 10 05 98 99 99 99 99 99 3C 58 01 50 24 03 15 3C 17 01 50 24 03 15 4F 89 00 50 24 03 15 44 44 01 50 24 03 15 46
+++  FE FE FE FE 24 00 01 25 41 CD 04 FF FF 33 21 10 03 00 00 98 99 99 99 99 99 3D 33 21 10 03 00 00 98 99 99 99 99 99 41 10 00
---  41 CD 04 FF FF 33 21 10 03 00 00 98 99 99 99 99 99 3D 33 21 10 03 00 00 98 99 99 99 99 99 41 10 00
+++  FE FE FE FE 24 FF 01 DA 41 CD 04 FF FF 33 21 10 03 00 00 98 99 99 99 99 99 3D 33 21 10 03 00 00 98 99 99 99 99 99 41 10 00
---  41 CD 04 FF FF 33 21 10 03 00 00 98 99 99 99 99 99 3D 33 21 10 03 00 00 98 99 99 99 99 99 41 10 00
+++  FE FE FE FE 48 00 01 49 41 CD 02 FF FF 98 99 99 99 99 99 33 21 10 03 00 00 3D 98 99 99 99 99 99 33 21 10 03 00 00 41 11 10 05 98 99 99 99 99 99 3C 58 01 50 24 03 15 3C 17 01 50 24 03 15 4F 89 00 50 24 03 15 44 44 01 50 24 03 15 46
---  41 CD 02 FF FF 98 99 99 99 99 99 33 21 10 03 00 00 3D 98 99 99 99 99 99 33 21 10 03 00 00 41 11 10 05 98 99 99 99 99 99 3C 58 01 50 24 03 15 3C 17 01 50 24 03 15 4F 89 00 50 24 03 15 44 44 01 50 24 03 15 46
+++  FE FE FE FE 48 FF 01 B6 41 CD 02 FF FF 98 99 99 99 99 99 33 21 10 03 00 00 3D 98 99 99 99 99 99 33 21 10 03 00 00 41 11 10 05 98 99 99 99 99 99 3C 58 01 50 24 03 15 3C 17 01 50 24 03 15 4F 89 00 50 24 03 15 44 44 01 50 24 03 15 46
---  41 CD 02 FF FF 98 99 99 99 99 99 33 21 10 03 00 00 3D 98 99 99 99 99 99 33 21 10 03 00 00 41 11 10 05 98 99 99 99 99 99 3C 58 01 50 24 03 15 3C 17 01 50 24 03 15 4F 89 00 50 24 03 15 44 44 01 50 24 03 15 46
+++  FE FE FE FE 2B FF 01 D5 41 CD 05 FF FF 58 01 50 24 03 15 98 99 99 99 99 99 3D 58 01 50 24 03 15 98 99 99 99 99 99 51 12 1F 12 02 04 58 01 8B D9
---  41 CD 05 FF FF 58 01 50 24 03 15 98 99 99 99 99 99 3D 58 01 50 24 03 15 98 99 99 99 99 99 51 12 1F 12 02 04 58 01 8B D9
+++  FE FE FE FE 29 FF 01 D7 41 CD 03 8B D9 98 99 99 99 99 99 58 01 50 24 03 15 3D 98 99 99 99 99 99 58 01 50 24 03 15 51 13 00 01 00 00 01 00
---  41 CD 03 8B D9 98 99 99 99 99 99 58 01 50 24 03 15 3D 98 99 99 99 99 99 58 01 50 24 03 15 51 13 00 01 00 00 01 00
+++  FE FE FE FE 2B FF 01 D5 41 CD 06 FF FF 33 21 10 03 00 00 98 99 99 99 99 99 3D 33 21 10 03 00 00 98 99 99 99 99 99 61 12 1F 12 03 04 33 21 8B D9
---  41 CD 06 FF FF 33 21 10 03 00 00 98 99 99 99 99 99 3D 33 21 10 03 00 00 98 99 99 99 99 99 61 12 1F 12 03 04 33 21 8B D9
+++  FE FE FE FE 29 FF 01 D7 41 CD 03 8B D9 98 99 99 99 99 99 33 21 10 03 00 00 3D 98 99 99 99 99 99 33 21 10 03 00 00 61 13 00 01 00 00 01 00
---  41 CD 03 8B D9 98 99 99 99 99 99 33 21 10 03 00 00 3D 98 99 99 99 99 99 33 21 10 03 00 00 61 13 00 01 00 00 01 00
+++  FE FE FE FE 3F 00 01 3E 41 CD 01 FF FF 56 34 12 56 34 12 33 21 10 03 00 00 7C 56 34 12 56 34 12 33 21 10 03 00 00 11 01 01 04 33 21 10 03 00 00 03 8B D9 33 21 4D 59 01 00 00 01 00 04 60 12 03 04 12 00 00
---  41 CD 01 FF FF 56 34 12 56 34 12 33 21 10 03 00 00 7C 56 34 12 56 34 12 33 21 10 03 00 00 11 01 01 04 33 21 10 03 00 00 03 8B D9 33 21 4D 59 01 00 00 01 00 04 60 12 03 04 12 00 00
+++  FE FE FE FE 3F FF 01 C1 41 CD 01 FF FF 56 34 12 56 34 12 33 21 10 03 00 00 7C 56 34 12 56 34 12 33 21 10 03 00 00 11 01 01 04 33 21 10 03 00 00 03 8B D9 33 21 4D 59 01 00 00 01 00 04 60 12 03 04 12 00 00
---  41 CD 01 FF FF 56 34 12 56 34 12 33 21 10 03 00 00 7C 56 34 12 56 34 12 33 21 10 03 00 00 11 01 01 04 33 21 10 03 00 00 03 8B D9 33 21 4D 59 01 00 00 01 00 04 60 12 03 04 12 00 00
+++  FE FE FE FE 3F 00 01 3E 41 CD 02 FF FF 56 34 12 56 34 12 58 01 50 24 03 15 7C 56 34 12 56 34 12 58 01 50 24 03 15 11 01 01 04 58 01 50 24 03 15 03 8B D9 58 01 4D 59 01 00 00 01 00 04 60 12 02 04 12 00 00
---  41 CD 02 FF FF 56 34 12 56 34 12 58 01 50 24 03 15 7C 56 34 12 56 34 12 58 01 50 24 03 15 11 01 01 04 58 01 50 24 03 15 03 8B D9 58 01 4D 59 01 00 00 01 00 04 60 12 02 04 12 00 00
+++  FE FE FE FE 3F FF 01 C1 41 CD 02 FF FF 56 34 12 56 34 12 58 01 50 24 03 15 7C 56 34 12 56 34 12 58 01 50 24 03 15 11 01 01 04 58 01 50 24 03 15 03 8B D9 58 01 4D 59 01 00 00 01 00 04 60 12 02 04 12 00 00
---  41 CD 02 FF FF 56 34 12 56 34 12 58 01 50 24 03 15 7C 56 34 12 56 34 12 58 01 50 24 03 15 11 01 01 04 58 01 50 24 03 15 03 8B D9 58 01 4D 59 01 00 00 01 00 04 60 12 02 04 12 00 00
+++  FE FE FE FE 3F 00 01 3E 41 CD 05 FF FF 56 34 12 56 34 12 45 30 10 03 00 00 7C 56 34 12 56 34 12 45 30 10 03 00 00 11 01 01 04 45 30 10 03 00 00 03 FF FF 00 00 4D 59 01 00 00 01 00 04 60 00 00 00 00 00 00
---  41 CD 05 FF FF 56 34 12 56 34 12 45 30 10 03 00 00 7C 56 34 12 56 34 12 45 30 10 03 00 00 11 01 01 04 45 30 10 03 00 00 03 FF FF 00 00 4D 59 01 00 00 01 00 04 60 00 00 00 00 00 00
+++  FE FE FE FE 3F FF 01 C1 41 CD 05 FF FF 56 34 12 56 34 12 45 30 10 03 00 00 7C 56 34 12 56 34 12 45 30 10 03 00 00 11 01 01 04 45 30 10 03 00 00 03 FF FF 00 00 4D 59 01 00 00 01 00 04 60 00 00 00 00 00 00
---  41 CD 05 FF FF 56 34 12 56 34 12 45 30 10 03 00 00 7C 56 34 12 56 34 12 45 30 10 03 00 00 11 01 01 04 45 30 10 03 00 00 03 FF FF 00 00 4D 59 01 00 00 01 00 04 60 00 00 00 00 00 00
